<?xml version="1.0" encoding="UTF-8"?>
<!-- Generated by org.testng.reporters.JUnitReportReporter -->
<testsuite hostname="INLEN8520052145" failures="0" tests="1" name="Repository.RepoTest" time="8.126" errors="0" timestamp="2023-08-25T11:06:22 IST" skipped="0">
  <testcase classname="Repository.RepoTest" name="testobj" time="8.126"/>
</testsuite> <!-- Repository.RepoTest -->
