<?xml version="1.0" encoding="UTF-8"?>
<!-- Generated by org.testng.reporters.JUnitReportReporter -->
<testsuite hostname="INLEN8520052145" failures="0" tests="3" name="com.testng.Assertswag" time="44.666" errors="0" timestamp="2023-08-24T11:54:33 IST" skipped="0">
  <testcase classname="com.testng.Assertswag" name="testlog" time="13.499"/>
  <testcase classname="com.testng.Assertswag" name="testlog" time="18.220"/>
  <testcase classname="com.testng.Assertswag" name="testlog" time="12.947"/>
</testsuite> <!-- com.testng.Assertswag -->
