<?xml version="1.0" encoding="UTF-8"?>
<!-- Generated by org.testng.reporters.JUnitReportReporter -->
<testsuite hostname="INLEN8520052145" failures="0" tests="1" name="com.testng.NewTest1" time="0.005" errors="0" timestamp="2023-08-23T14:32:58 IST" skipped="0">
  <testcase classname="com.testng.NewTest1" name="sampletest" time="0.005"/>
</testsuite> <!-- com.testng.NewTest1 -->
