<?xml version="1.0" encoding="UTF-8"?>
<!-- Generated by org.testng.reporters.JUnitReportReporter -->
<testsuite hostname="INLEN8520052145" failures="0" tests="3" name="com.testng.DataProviderTest" time="48.352" errors="0" timestamp="2023-08-24T10:57:40 IST" skipped="0">
  <testcase classname="com.testng.DataProviderTest" name="testlog" time="14.754"/>
  <testcase classname="com.testng.DataProviderTest" name="testlog" time="14.275"/>
  <testcase classname="com.testng.DataProviderTest" name="testlog" time="19.323"/>
</testsuite> <!-- com.testng.DataProviderTest -->
