<?xml version="1.0" encoding="UTF-8"?>
<!-- Generated by org.testng.reporters.JUnitReportReporter -->
<testsuite hostname="INLEN8520052145" failures="0" tests="6" name="com.testng.FirstTest" time="0.021" errors="0" timestamp="2023-08-23T14:49:14 IST" skipped="1">
  <testcase classname="com.testng.FirstTest" name="log" time="0.002"/>
  <testcase classname="com.testng.FirstTest" name="log" time="0.003"/>
  <testcase classname="com.testng.FirstTest" name="log" time="0.014"/>
  <testcase classname="com.testng.FirstTest" name="search" time="0.001"/>
  <testcase classname="com.testng.FirstTest" name="addtocart" time="0.001"/>
  <testcase classname="com.testng.FirstTest" name="checkout">
    <skipped/>
  </testcase> <!-- checkout -->
</testsuite> <!-- com.testng.FirstTest -->
