<?xml version="1.0" encoding="UTF-8"?>
<!-- Generated by org.testng.reporters.JUnitReportReporter -->
<testsuite hostname="INLEN8520052145" failures="0" tests="4" name="com.testng.SecondTest" time="0.014" errors="0" timestamp="2023-08-24T10:12:53 IST" skipped="0">
  <testcase classname="com.testng.SecondTest" name="search" time="0.001"/>
  <testcase classname="com.testng.SecondTest" name="log" time="0.002"/>
  <testcase classname="com.testng.SecondTest" name="addtocart" time="0.010"/>
  <testcase classname="com.testng.SecondTest" name="checkout" time="0.001"/>
</testsuite> <!-- com.testng.SecondTest -->
