<?xml version="1.0" encoding="UTF-8"?>
<!-- Generated by org.testng.reporters.JUnitReportReporter -->
<testsuite hostname="INLEN8520052145" failures="0" tests="11" name="com.testng.Threadpool" time="0.030" errors="0" timestamp="2023-08-24T12:04:19 IST" skipped="0">
  <testcase classname="com.testng.Threadpool" name="log" time="0.001"/>
  <testcase classname="com.testng.Threadpool" name="log" time="0.001"/>
  <testcase classname="com.testng.Threadpool" name="log" time="0.017"/>
  <testcase classname="com.testng.Threadpool" name="log" time="0.000"/>
  <testcase classname="com.testng.Threadpool" name="log" time="0.001"/>
  <testcase classname="com.testng.Threadpool" name="log" time="0.002"/>
  <testcase classname="com.testng.Threadpool" name="log" time="0.002"/>
  <testcase classname="com.testng.Threadpool" name="log" time="0.001"/>
  <testcase classname="com.testng.Threadpool" name="search" time="0.002"/>
  <testcase classname="com.testng.Threadpool" name="addtocart" time="0.002"/>
  <testcase classname="com.testng.Threadpool" name="checkout" time="0.001"/>
</testsuite> <!-- com.testng.Threadpool -->
