<?xml version="1.0" encoding="UTF-8"?>
<!-- Generated by org.testng.reporters.JUnitReportReporter -->
<testsuite hostname="INLEN8520052145" failures="0" tests="2" name="com.testng.NewTest2" time="0.554" errors="0" timestamp="2023-08-23T15:33:30 IST" skipped="0">
  <testcase classname="com.testng.NewTest2" name="test2" time="0.405"/>
  <testcase classname="com.testng.NewTest2" name="test3" time="0.149"/>
</testsuite> <!-- com.testng.NewTest2 -->
