<?xml version="1.0" encoding="UTF-8"?>
<!-- Generated by org.testng.reporters.JUnitReportReporter -->
<testsuite hostname="INLEN8520052145" failures="0" tests="1" name="com.Pages.VerifyLog" time="11.314" errors="0" timestamp="2023-08-24T16:59:54 IST" skipped="0">
  <testcase classname="com.Pages.VerifyLog" name="testLog" time="11.314"/>
</testsuite> <!-- com.Pages.VerifyLog -->
