<?xml version="1.0" encoding="UTF-8"?>
<!-- Generated by org.testng.reporters.JUnitReportReporter -->
<testsuite hostname="INLEN8520052145" failures="0" tests="1" name="com.testng.NewTest3" time="0.073" errors="0" timestamp="2023-08-24T09:37:48 IST" skipped="0">
  <testcase classname="com.testng.NewTest3" name="test2" time="0.073"/>
</testsuite> <!-- com.testng.NewTest3 -->
