<?xml version="1.0" encoding="UTF-8"?>
<!-- Generated by org.testng.reporters.JUnitReportReporter -->
<testsuite hostname="INLEN8520052145" failures="0" tests="1" name="com.Pages.VerifyLogin" time="6.731" errors="0" timestamp="2023-08-24T17:03:07 IST" skipped="0">
  <testcase classname="com.Pages.VerifyLogin" name="testLog" time="6.731"/>
</testsuite> <!-- com.Pages.VerifyLogin -->
